G4BL_DIR=C:\Program Files\Muons, Inc\G4beamline
G4LEDATA=C:\Geant4Data/G4EMLOW8.0
G4ENSDFSTATEDATA=C:\Geant4Data/G4ENSDFSTATE2.3
G4PARTICLEXSDATA=C:\Geant4Data/G4PARTICLEXS4.0
G4LEVELGAMMADATA=C:\Geant4Data/PhotonEvaporation5.7
G4RADIOACTIVEDATA=C:\Geant4Data/RadioactiveDecay5.6
G4beamline Process ID 14844

*************************************************************
 g4beamline version: 3.08                        (Oct  8 2022)
                      Copyright : Tom Roberts, Muons, Inc.
                        License : Gnu Public License
                            WWW : http://g4beamline.muonsinc.com
**************************************************************
 Geant4 version Name: geant4-11-00-patch-03 [MT]   (16-September-2022)
                       Copyright : Geant4 Collaboration
                      References : NIM A 506 (2003), 250-303
                                 : IEEE-TNS 53 (2006), 270-278
                                 : NIM A 835 (2016), 186-225
                             WWW : http://geant4.org/
**************************************************************

param        viewer        best,1
geometry                   nPoints=100 printGeometry=0 visual=0
                           tolerance=0.002
Physics list QGSP is obsolete, replaced by FTFP_BERT
G4PhysListFactory::GetReferencePhysList <FTFP_BERT>  EMoption= 0
<<< Geant4 Physics List simulation engine: FTFP_BERT


physics      FTFP_BERT     disable= inactivate= deactivate= doStochastics=1
                           fluct=1 minRangeCut=1 list=0 gammaToMuPair=0
                           spinTracking=0 synchrotronRadiation=0
                           synchrotronRadiationMuon=0 maxTime=1e+06
box          bismuth_converter height=8 width=8 length=1 maxStep=100
                           material=Bi color=1,0.84,0 kill=0
place   bismuth_converter copies=1 x=0.0 y=0.0 z=194.0 
box          tungsten_block height=50 width=20 length=50 maxStep=100
                           material=W color=1,1,1 kill=0
place   tungsten_block copies=1 x=0.0 y=-25.0 z=305.0 
                kill=1
tubs         talantum_col  innerRadius=1 outerRadius=10 initialPhi=0
                           finalPhi=360 length=100 maxStep=100 material=Ta
                           color=1,1,1 kill=0 radius=10
place   talantum_col copies=1 x=0.0 y=0.0 z=425.0 
genericbend  separator     fieldWidth=100 fieldHeight=200 fieldLength=400
                           ironWidth=0 ironHeight=0 ironLength=0 By=3
                           maxStep=100 fieldMaterial=Vacuum
                           fieldColor=1,0,0,0.3 ironMaterial=Fe
                           ironColor=1,1,1 kill=0 fringe= fringeFactor=1
                           openAperture=0
place   separator copies=1 x=0.0 y=0.0 z=700.0 
param        angle         40
param        cos           0.76604444311
param        d             1
param        sin           0.642787609
box          kapton_tape   height=0.025 width=8 length=25 maxStep=100
                           material=KAPTON color=1,0.5,0 kill=0
place   kapton_tape copies=1 x=0.0 y=-9.0 z=1050.4 rotation='x-40'
virtualdetector noise_measure_Det radius=0 innerRadius=0 height=100 width=100
                           length=0.001 maxStep=100 material= color=0,1,0,0.3
                           noSingles=0 format=bltrackfile
                           filename=noise_measure_Det.txt
                           file=noise_measure_Det.txt require=
                           referenceParticle=0 coordinates=Centerline kill=0
place   noise_measure_Det copies=1 x=0.0 y=0.0 z=1420.0 

World size (before incrementing by 201.357 mm): 100.0 H  100.0 W  2840.0 L

PARAMETERS:
            Zcl=1420
          angle=40
            cos=0.76604444311
              d=1
     deltaChord=3.0
deltaIntersection=0.1
   deltaOneStep=0.01
         epsMax=0.05
         epsMin=2.5e-7
 eventTimeLimit=30
    fieldVoxels=200,200,200
      histoFile=g4beamline
    histoUpdate=0
        maxStep=100.0
        minStep=0.01
            sin=0.642787609
 steppingFormat=N GLOBAL CL KE STEP VOL PROCESS
steppingVerbose=0
         viewer=best,1
 wallClockLimit=-1
  worldMaterial=Vacuum
     zTolerance=2.0
Checking overlaps for volume bismuth_converter:0 (G4Box) ... OK! 
BLCMDbox::Construct bismuth_converter parent= relZ=194.0 globZ=194.0
	zmin=193.5 zmax=194.5
Checking overlaps for volume tungsten_block:0 (G4Box) ... OK! 
BLCMDbox::Construct tungsten_block parent= relZ=305.0 globZ=305.0
	zmin=280.0 zmax=330.0
Checking overlaps for volume talantum_col:0 (G4Tubs) ... OK! 
BLCMDtubs::Construct talantum_col parent= relZ=425.0 globZ=425.0
	zmin=375.0 zmax=475.0 kill=0
Checking overlaps for volume separator:0 (G4Box) ... OK! 
BLCMDgenericbend::Construct separator parent= relZ=700.0 globZ=700.0
	zmin=500.0 zmax=900.0
Checking overlaps for volume kapton_tape:0 (G4Box) ... OK! 
BLCMDbox::Construct kapton_tape parent= relZ=1050.4 globZ=1050.4
	zmin=1037.9 zmax=1062.9
Checking overlaps for volume noise_measure_Det:0 (G4Box) ... OK! 
BLCMDvirtualdetector::Construct noise_measure_Det parent= relZ=1420.0 globZ=1420.0
### Adding tracking cuts for neutron  TimeCut(ns)= 10000  KinEnergyCut(MeV)= 0

Geometry test nPoints=100 tolerance=0.002 mm:
Testing geometry for children of group 'World':
Total geometry errors = 0  0 seconds

================== Prepare Visualization ==================
Stochastic processes are enabled.
Available UI session types: [ Qt, Win32, csh ]
Visualization Manager instantiating with verbosity "warnings (3)"...
Visualization Manager initialising...
Registering graphics systems...

You have successfully registered the following graphics systems.
Registered graphics systems are:
  ASCIITree (ATree)
  DAWNFILE (DAWNFILE)
  G4HepRepFile (HepRepFile)
  RayTracer (RayTracer)
  VRML2FILE (VRML2FILE)
  gMocrenFile (gMocrenFile)
  OpenGLImmediateQt (OGLIQt, OGLI)
  OpenGLStoredQt (OGLSQt, OGL, OGLS)
  OpenGLImmediateWin32 (OGLIWin32, OGLIQt_FALLBACK)
  OpenGLStoredWin32 (OGLSWin32, OGLSQt_FALLBACK)

Registering model factories...

You have successfully registered the following model factories.
Registered model factories:
  generic
  drawByAttribute
  drawByCharge
  drawByOriginVolume
  drawByParticleID
  drawByEncounteredVolume

Registered models:
  None

Registered filter factories:
  attributeFilter
  chargeFilter
  originVolumeFilter
  particleFilter
  encounteredVolumeFilter

Registered filters:
  None

You have successfully registered the following user vis actions.
Run Duration User Vis Actions: none
End of Event User Vis Actions: none
End of Run User Vis Actions: none

Some /vis commands (optionally) take a string to specify colour.
"/vis/list" to see available colours.

Selected visualization viewer: Qt
BLVisManager init: /vis/open OGLSQt
BLVisManager init: /vis/viewer/set/auxiliaryEdge true
BLVisManager init: /vis/viewer/set/style surface
BLVisManager init: /vis/viewer/set/viewpointThetaPhi 0 0 deg
BLVisManager init: /vis/drawVolume
BLVisManager init: /tracking/storeTrajectory 1
BLVisManager init: /vis/scene/add/trajectories
/tracking/storeTrajectory 1
Attributes available for modeling and filtering with
  "/vis/modeling/trajectories/create/drawByAttribute" and
  "/vis/filtering/trajectories/create/attributeFilter" commands:
G4TrajectoriesModel:
  Event ID (EventID): G4int
  Run ID (RunID): G4int
G4Trajectory:
  Charge (Ch): unit: e+ (G4double)
  Track ID (ID): G4int
  Initial kinetic energy (IKE): G4BestUnit (G4double)
  Initial momentum magnitude (IMag): G4BestUnit (G4double)
  Initial momentum (IMom): G4BestUnit (G4ThreeVector)
  No. of points (NTP): G4int
  PDG Encoding (PDG): G4int
  Parent ID (PID): G4int
  Particle Name (PN): G4String
G4TrajectoryPoint:
  Position (Pos): G4BestUnit (G4ThreeVector)
WARNING: Trajectory storing has been requested.  This action may be
  reversed with "/tracking/storeTrajectory 0".
BLVisManager init: /vis/scene/endOfEventAction accumulate -1
WARNING: The vis manager will keep an unlimited number of events.
  This may use a lot of memory.
  It may be changed with, e.g., "/vis/scene/endOfEventAction accumulate 10".
BLVisManager init: /vis/viewer/set/hiddenMarker true

WARNING: No extent set for user vis action "DrawMarkers".
WARNING: User Vis Action "DrawMarkers" extent is null.
 Changing export format to "jpg"

Graphics systems deleted.
Visualization Manager deleting...

Exceptions: 0 Fatal, 0 Events Aborted, 0 Stuck Tracks (stopped), 0 Warnings
g4beamline: simulation complete
