G4BL_DIR=C:\Program Files\Muons, Inc\G4beamline
G4LEDATA=C:\Geant4Data/G4EMLOW8.0
G4ENSDFSTATEDATA=C:\Geant4Data/G4ENSDFSTATE2.3
G4PARTICLEXSDATA=C:\Geant4Data/G4PARTICLEXS4.0
G4LEVELGAMMADATA=C:\Geant4Data/PhotonEvaporation5.7
G4RADIOACTIVEDATA=C:\Geant4Data/RadioactiveDecay5.6
G4beamline Process ID 25384

*************************************************************
 g4beamline version: 3.08                        (Oct  8 2022)
                      Copyright : Tom Roberts, Muons, Inc.
                        License : Gnu Public License
                            WWW : http://g4beamline.muonsinc.com
**************************************************************
 Geant4 version Name: geant4-11-00-patch-03 [MT]   (16-September-2022)
                       Copyright : Geant4 Collaboration
                      References : NIM A 506 (2003), 250-303
                                 : IEEE-TNS 53 (2006), 270-278
                                 : NIM A 835 (2016), 186-225
                             WWW : http://geant4.org/
**************************************************************

geometry                   nPoints=100 printGeometry=0 visual=0
                           tolerance=0.002
Physics list QGSP is obsolete, replaced by FTFP_BERT
G4PhysListFactory::GetReferencePhysList <FTFP_BERT>  EMoption= 0
<<< Geant4 Physics List simulation engine: FTFP_BERT


physics      FTFP_BERT     disable= inactivate= deactivate= doStochastics=1
                           fluct=1 minRangeCut=1 list=0 gammaToMuPair=0
                           spinTracking=0 synchrotronRadiation=0
                           synchrotronRadiationMuon=0 maxTime=1e+06
do steps=1,10,1
(do steps=1)
beam    GAUSSIAN particle=gamma nEvents=10 firstEvent=-1 lastEvent=2147483647 beamX=0.0 beamY=0.0 beamZ=0.0 maxR=1000000.0 
		meanMomentum=100.0 weight=1.000000 
		sigmaX=0.0 sigmaY=0.0 sigmaZ=0.0 sigmaXp=0.00230 sigmaYp=0.00230 
		sigmaP=2.0 sigmaT=0.000 meanXp=0.00000 meanYp=0.00000 meanT=0.000 
(do steps=2)
beam    GAUSSIAN particle=gamma nEvents=10 firstEvent=-1 lastEvent=2147483647 beamX=0.0 beamY=0.0 beamZ=0.0 maxR=1000000.0 
		meanMomentum=200.0 weight=1.000000 
		sigmaX=0.0 sigmaY=0.0 sigmaZ=0.0 sigmaXp=0.00230 sigmaYp=0.00230 
		sigmaP=2.0 sigmaT=0.000 meanXp=0.00000 meanYp=0.00000 meanT=0.000 
(do steps=3)
beam    GAUSSIAN particle=gamma nEvents=10 firstEvent=-1 lastEvent=2147483647 beamX=0.0 beamY=0.0 beamZ=0.0 maxR=1000000.0 
		meanMomentum=300.0 weight=1.000000 
		sigmaX=0.0 sigmaY=0.0 sigmaZ=0.0 sigmaXp=0.00230 sigmaYp=0.00230 
		sigmaP=2.0 sigmaT=0.000 meanXp=0.00000 meanYp=0.00000 meanT=0.000 
(do steps=4)
beam    GAUSSIAN particle=gamma nEvents=10 firstEvent=-1 lastEvent=2147483647 beamX=0.0 beamY=0.0 beamZ=0.0 maxR=1000000.0 
		meanMomentum=400.0 weight=1.000000 
		sigmaX=0.0 sigmaY=0.0 sigmaZ=0.0 sigmaXp=0.00230 sigmaYp=0.00230 
		sigmaP=2.0 sigmaT=0.000 meanXp=0.00000 meanYp=0.00000 meanT=0.000 
(do steps=5)
beam    GAUSSIAN particle=gamma nEvents=10 firstEvent=-1 lastEvent=2147483647 beamX=0.0 beamY=0.0 beamZ=0.0 maxR=1000000.0 
		meanMomentum=500.0 weight=1.000000 
		sigmaX=0.0 sigmaY=0.0 sigmaZ=0.0 sigmaXp=0.00230 sigmaYp=0.00230 
		sigmaP=2.0 sigmaT=0.000 meanXp=0.00000 meanYp=0.00000 meanT=0.000 
(do steps=6)
beam    GAUSSIAN particle=gamma nEvents=10 firstEvent=-1 lastEvent=2147483647 beamX=0.0 beamY=0.0 beamZ=0.0 maxR=1000000.0 
		meanMomentum=600.0 weight=1.000000 
		sigmaX=0.0 sigmaY=0.0 sigmaZ=0.0 sigmaXp=0.00230 sigmaYp=0.00230 
		sigmaP=2.0 sigmaT=0.000 meanXp=0.00000 meanYp=0.00000 meanT=0.000 
(do steps=7)
beam    GAUSSIAN particle=gamma nEvents=10 firstEvent=-1 lastEvent=2147483647 beamX=0.0 beamY=0.0 beamZ=0.0 maxR=1000000.0 
		meanMomentum=700.0 weight=1.000000 
		sigmaX=0.0 sigmaY=0.0 sigmaZ=0.0 sigmaXp=0.00230 sigmaYp=0.00230 
		sigmaP=2.0 sigmaT=0.000 meanXp=0.00000 meanYp=0.00000 meanT=0.000 
(do steps=8)
beam    GAUSSIAN particle=gamma nEvents=10 firstEvent=-1 lastEvent=2147483647 beamX=0.0 beamY=0.0 beamZ=0.0 maxR=1000000.0 
		meanMomentum=800.0 weight=1.000000 
		sigmaX=0.0 sigmaY=0.0 sigmaZ=0.0 sigmaXp=0.00230 sigmaYp=0.00230 
		sigmaP=2.0 sigmaT=0.000 meanXp=0.00000 meanYp=0.00000 meanT=0.000 
(do steps=9)
beam    GAUSSIAN particle=gamma nEvents=10 firstEvent=-1 lastEvent=2147483647 beamX=0.0 beamY=0.0 beamZ=0.0 maxR=1000000.0 
		meanMomentum=900.0 weight=1.000000 
		sigmaX=0.0 sigmaY=0.0 sigmaZ=0.0 sigmaXp=0.00230 sigmaYp=0.00230 
		sigmaP=2.0 sigmaT=0.000 meanXp=0.00000 meanYp=0.00000 meanT=0.000 
(do steps=10)
beam    GAUSSIAN particle=gamma nEvents=10 firstEvent=-1 lastEvent=2147483647 beamX=0.0 beamY=0.0 beamZ=0.0 maxR=1000000.0 
		meanMomentum=1000.0 weight=1.000000 
		sigmaX=0.0 sigmaY=0.0 sigmaZ=0.0 sigmaXp=0.00230 sigmaYp=0.00230 
		sigmaP=2.0 sigmaT=0.000 meanXp=0.00000 meanYp=0.00000 meanT=0.000 
enddo
virtualdetector Det        radius=0 innerRadius=0 height=150 width=150
                           length=0.001 maxStep=100 material= color=0,1,0,0.3
                           noSingles=0 format= filename= file= require=
                           referenceParticle=0 coordinates=Centerline kill=0
place   Det     copies=1 x=0.0 y=0.0 z=200.0 

World size (before incrementing by 201.357 mm): 150.0 H  150.0 W  400.0 L

PARAMETERS:
            Zcl=200
     deltaChord=3.0
deltaIntersection=0.1
   deltaOneStep=0.01
         epsMax=0.05
         epsMin=2.5e-7
 eventTimeLimit=30
    fieldVoxels=200,200,200
      histoFile=g4beamline
    histoUpdate=0
        maxStep=100.0
        minStep=0.01
 steppingFormat=N GLOBAL CL KE STEP VOL PROCESS
steppingVerbose=0
          steps=10
         viewer=none
 wallClockLimit=-1
  worldMaterial=Vacuum
     zTolerance=2.0
Checking overlaps for volume Det:0 (G4Box) ... OK! 
BLCMDvirtualdetector::Construct Det parent= relZ=200.0 globZ=200.0
### Adding tracking cuts for neutron  TimeCut(ns)= 10000  KinEnergyCut(MeV)= 0

Geometry test nPoints=100 tolerance=0.002 mm:
Testing geometry for children of group 'World':
Total geometry errors = 0  0 seconds

================== Prepare Tracking Beam ==================
Stochastic processes are enabled.
================== Begin Tracking Beam ===============
Event 1 Completed  1 events  realTime=1 sec  1.0 ev/sec
Event 2 Completed  2 events  realTime=1 sec  2.0 ev/sec
Event 3 Completed  3 events  realTime=1 sec  3.0 ev/sec
Event 4 Completed  4 events  realTime=1 sec  4.0 ev/sec
Event 5 Completed  5 events  realTime=1 sec  5.0 ev/sec
Event 6 Completed  6 events  realTime=1 sec  6.0 ev/sec
Event 7 Completed  7 events  realTime=1 sec  7.0 ev/sec
Event 8 Completed  8 events  realTime=1 sec  8.0 ev/sec
Event 9 Completed  9 events  realTime=1 sec  9.0 ev/sec
Event 10 Completed  10 events  realTime=1 sec  10.0 ev/sec
Event 20 Completed  20 events  realTime=1 sec  20.0 ev/sec
Event 30 Completed  30 events  realTime=1 sec  30.0 ev/sec
Event 40 Completed  40 events  realTime=1 sec  40.0 ev/sec
Event 50 Completed  50 events  realTime=1 sec  50.0 ev/sec
Event 60 Completed  60 events  realTime=1 sec  60.0 ev/sec
Event 70 Completed  70 events  realTime=1 sec  70.0 ev/sec
Event 80 Completed  80 events  realTime=1 sec  80.0 ev/sec
Event 90 Completed  90 events  realTime=1 sec  90.0 ev/sec
Event 100 Completed  100 events  realTime=1 sec  100.0 ev/sec
Run complete  100 Events  1 seconds
NTuple Det                  100 entries

Exceptions: 0 Fatal, 0 Events Aborted, 0 Stuck Tracks (stopped), 0 Warnings
g4beamline: simulation complete
