G4BL_DIR=C:\Program Files\Muons, Inc\G4beamline
G4LEDATA=C:\Geant4Data/G4EMLOW8.0
G4ENSDFSTATEDATA=C:\Geant4Data/G4ENSDFSTATE2.3
G4PARTICLEXSDATA=C:\Geant4Data/G4PARTICLEXS4.0
G4LEVELGAMMADATA=C:\Geant4Data/PhotonEvaporation5.7
G4RADIOACTIVEDATA=C:\Geant4Data/RadioactiveDecay5.6
G4beamline Process ID 10852

*************************************************************
 g4beamline version: 3.08                        (Oct  8 2022)
                      Copyright : Tom Roberts, Muons, Inc.
                        License : Gnu Public License
                            WWW : http://g4beamline.muonsinc.com
**************************************************************
 Geant4 version Name: geant4-11-00-patch-03 [MT]   (16-September-2022)
                       Copyright : Geant4 Collaboration
                      References : NIM A 506 (2003), 250-303
                                 : IEEE-TNS 53 (2006), 270-278
                                 : NIM A 835 (2016), 186-225
                             WWW : http://geant4.org/
**************************************************************

geometry                   nPoints=100 printGeometry=0 visual=0
                           tolerance=0.002
Physics list QGSP is obsolete, replaced by FTFP_BERT
G4PhysListFactory::GetReferencePhysList <FTFP_BERT>  EMoption= 0
<<< Geant4 Physics List simulation engine: FTFP_BERT


physics      FTFP_BERT     disable= inactivate= deactivate= doStochastics=1
                           fluct=1 minRangeCut=1 list=0 gammaToMuPair=0
                           spinTracking=0 synchrotronRadiation=0
                           synchrotronRadiationMuon=0 maxTime=1e+06
beam    GAUSSIAN particle=e- nEvents=639867 firstEvent=-1 lastEvent=2147483647 beamX=0.0 beamY=0.0 beamZ=0.0 maxR=1000000.0 
		meanMomentum=303.8 weight=100.000000 
		sigmaX=0.0 sigmaY=0.0 sigmaZ=0.0 sigmaXp=0.00240 sigmaYp=0.00240 
		sigmaP=15.5 sigmaT=0.000 meanXp=0.00000 meanYp=0.00000 meanT=0.000 
beam    GAUSSIAN particle=e- nEvents=1031554 firstEvent=-1 lastEvent=2147483647 beamX=0.0 beamY=0.0 beamZ=0.0 maxR=1000000.0 
		meanMomentum=319.3 weight=100.000000 
		sigmaX=0.0 sigmaY=0.0 sigmaZ=0.0 sigmaXp=0.00240 sigmaYp=0.00240 
		sigmaP=15.5 sigmaT=0.000 meanXp=0.00000 meanYp=0.00000 meanT=0.000 
beam    GAUSSIAN particle=e- nEvents=1663680 firstEvent=-1 lastEvent=2147483647 beamX=0.0 beamY=0.0 beamZ=0.0 maxR=1000000.0 
		meanMomentum=334.9 weight=100.000000 
		sigmaX=0.0 sigmaY=0.0 sigmaZ=0.0 sigmaXp=0.00240 sigmaYp=0.00240 
		sigmaP=15.5 sigmaT=0.000 meanXp=0.00000 meanYp=0.00000 meanT=0.000 
beam    GAUSSIAN particle=e- nEvents=2893451 firstEvent=-1 lastEvent=2147483647 beamX=0.0 beamY=0.0 beamZ=0.0 maxR=1000000.0 
		meanMomentum=350.4 weight=100.000000 
		sigmaX=0.0 sigmaY=0.0 sigmaZ=0.0 sigmaXp=0.00240 sigmaYp=0.00240 
		sigmaP=15.5 sigmaT=0.000 meanXp=0.00000 meanYp=0.00000 meanT=0.000 
beam    GAUSSIAN particle=e- nEvents=3700892 firstEvent=-1 lastEvent=2147483647 beamX=0.0 beamY=0.0 beamZ=0.0 maxR=1000000.0 
		meanMomentum=365.9 weight=100.000000 
		sigmaX=0.0 sigmaY=0.0 sigmaZ=0.0 sigmaXp=0.00240 sigmaYp=0.00240 
		sigmaP=15.5 sigmaT=0.000 meanXp=0.00000 meanYp=0.00000 meanT=0.000 
beam    GAUSSIAN particle=e- nEvents=4537672 firstEvent=-1 lastEvent=2147483647 beamX=0.0 beamY=0.0 beamZ=0.0 maxR=1000000.0 
		meanMomentum=381.5 weight=100.000000 
		sigmaX=0.0 sigmaY=0.0 sigmaZ=0.0 sigmaXp=0.00240 sigmaYp=0.00240 
		sigmaP=15.5 sigmaT=0.000 meanXp=0.00000 meanYp=0.00000 meanT=0.000 
beam    GAUSSIAN particle=e- nEvents=4424873 firstEvent=-1 lastEvent=2147483647 beamX=0.0 beamY=0.0 beamZ=0.0 maxR=1000000.0 
		meanMomentum=397.0 weight=100.000000 
		sigmaX=0.0 sigmaY=0.0 sigmaZ=0.0 sigmaXp=0.00240 sigmaYp=0.00240 
		sigmaP=15.5 sigmaT=0.000 meanXp=0.00000 meanYp=0.00000 meanT=0.000 
beam    GAUSSIAN particle=e- nEvents=4765650 firstEvent=-1 lastEvent=2147483647 beamX=0.0 beamY=0.0 beamZ=0.0 maxR=1000000.0 
		meanMomentum=412.6 weight=100.000000 
		sigmaX=0.0 sigmaY=0.0 sigmaZ=0.0 sigmaXp=0.00240 sigmaYp=0.00240 
		sigmaP=15.5 sigmaT=0.000 meanXp=0.00000 meanYp=0.00000 meanT=0.000 
beam    GAUSSIAN particle=e- nEvents=4551959 firstEvent=-1 lastEvent=2147483647 beamX=0.0 beamY=0.0 beamZ=0.0 maxR=1000000.0 
		meanMomentum=428.1 weight=100.000000 
		sigmaX=0.0 sigmaY=0.0 sigmaZ=0.0 sigmaXp=0.00240 sigmaYp=0.00240 
		sigmaP=15.5 sigmaT=0.000 meanXp=0.00000 meanYp=0.00000 meanT=0.000 
beam    GAUSSIAN particle=e- nEvents=4752915 firstEvent=-1 lastEvent=2147483647 beamX=0.0 beamY=0.0 beamZ=0.0 maxR=1000000.0 
		meanMomentum=443.6 weight=100.000000 
		sigmaX=0.0 sigmaY=0.0 sigmaZ=0.0 sigmaXp=0.00240 sigmaYp=0.00240 
		sigmaP=15.5 sigmaT=0.000 meanXp=0.00000 meanYp=0.00000 meanT=0.000 
beam    GAUSSIAN particle=e- nEvents=4127307 firstEvent=-1 lastEvent=2147483647 beamX=0.0 beamY=0.0 beamZ=0.0 maxR=1000000.0 
		meanMomentum=459.2 weight=100.000000 
		sigmaX=0.0 sigmaY=0.0 sigmaZ=0.0 sigmaXp=0.00240 sigmaYp=0.00240 
		sigmaP=15.5 sigmaT=0.000 meanXp=0.00000 meanYp=0.00000 meanT=0.000 
beam    GAUSSIAN particle=e- nEvents=4327467 firstEvent=-1 lastEvent=2147483647 beamX=0.0 beamY=0.0 beamZ=0.0 maxR=1000000.0 
		meanMomentum=474.7 weight=100.000000 
		sigmaX=0.0 sigmaY=0.0 sigmaZ=0.0 sigmaXp=0.00240 sigmaYp=0.00240 
		sigmaP=15.5 sigmaT=0.000 meanXp=0.00000 meanYp=0.00000 meanT=0.000 
beam    GAUSSIAN particle=e- nEvents=4314480 firstEvent=-1 lastEvent=2147483647 beamX=0.0 beamY=0.0 beamZ=0.0 maxR=1000000.0 
		meanMomentum=490.2 weight=100.000000 
		sigmaX=0.0 sigmaY=0.0 sigmaZ=0.0 sigmaXp=0.00240 sigmaYp=0.00240 
		sigmaP=15.5 sigmaT=0.000 meanXp=0.00000 meanYp=0.00000 meanT=0.000 
beam    GAUSSIAN particle=e- nEvents=3993466 firstEvent=-1 lastEvent=2147483647 beamX=0.0 beamY=0.0 beamZ=0.0 maxR=1000000.0 
		meanMomentum=505.8 weight=100.000000 
		sigmaX=0.0 sigmaY=0.0 sigmaZ=0.0 sigmaXp=0.00240 sigmaYp=0.00240 
		sigmaP=15.5 sigmaT=0.000 meanXp=0.00000 meanYp=0.00000 meanT=0.000 
beam    GAUSSIAN particle=e- nEvents=4196687 firstEvent=-1 lastEvent=2147483647 beamX=0.0 beamY=0.0 beamZ=0.0 maxR=1000000.0 
		meanMomentum=521.3 weight=100.000000 
		sigmaX=0.0 sigmaY=0.0 sigmaZ=0.0 sigmaXp=0.00240 sigmaYp=0.00240 
		sigmaP=15.5 sigmaT=0.000 meanXp=0.00000 meanYp=0.00000 meanT=0.000 
beam    GAUSSIAN particle=e- nEvents=3887392 firstEvent=-1 lastEvent=2147483647 beamX=0.0 beamY=0.0 beamZ=0.0 maxR=1000000.0 
		meanMomentum=536.9 weight=100.000000 
		sigmaX=0.0 sigmaY=0.0 sigmaZ=0.0 sigmaXp=0.00240 sigmaYp=0.00240 
		sigmaP=15.5 sigmaT=0.000 meanXp=0.00000 meanYp=0.00000 meanT=0.000 
beam    GAUSSIAN particle=e- nEvents=4204264 firstEvent=-1 lastEvent=2147483647 beamX=0.0 beamY=0.0 beamZ=0.0 maxR=1000000.0 
		meanMomentum=552.4 weight=100.000000 
		sigmaX=0.0 sigmaY=0.0 sigmaZ=0.0 sigmaXp=0.00240 sigmaYp=0.00240 
		sigmaP=15.5 sigmaT=0.000 meanXp=0.00000 meanYp=0.00000 meanT=0.000 
beam    GAUSSIAN particle=e- nEvents=3917217 firstEvent=-1 lastEvent=2147483647 beamX=0.0 beamY=0.0 beamZ=0.0 maxR=1000000.0 
		meanMomentum=568.0 weight=100.000000 
		sigmaX=0.0 sigmaY=0.0 sigmaZ=0.0 sigmaXp=0.00240 sigmaYp=0.00240 
		sigmaP=15.5 sigmaT=0.000 meanXp=0.00000 meanYp=0.00000 meanT=0.000 
beam    GAUSSIAN particle=e- nEvents=3875176 firstEvent=-1 lastEvent=2147483647 beamX=0.0 beamY=0.0 beamZ=0.0 maxR=1000000.0 
		meanMomentum=583.5 weight=100.000000 
		sigmaX=0.0 sigmaY=0.0 sigmaZ=0.0 sigmaXp=0.00240 sigmaYp=0.00240 
		sigmaP=15.5 sigmaT=0.000 meanXp=0.00000 meanYp=0.00000 meanT=0.000 
beam    GAUSSIAN particle=e- nEvents=3436301 firstEvent=-1 lastEvent=2147483647 beamX=0.0 beamY=0.0 beamZ=0.0 maxR=1000000.0 
		meanMomentum=599.0 weight=100.000000 
		sigmaX=0.0 sigmaY=0.0 sigmaZ=0.0 sigmaXp=0.00240 sigmaYp=0.00240 
		sigmaP=15.5 sigmaT=0.000 meanXp=0.00000 meanYp=0.00000 meanT=0.000 
beam    GAUSSIAN particle=e- nEvents=3452774 firstEvent=-1 lastEvent=2147483647 beamX=0.0 beamY=0.0 beamZ=0.0 maxR=1000000.0 
		meanMomentum=614.6 weight=100.000000 
		sigmaX=0.0 sigmaY=0.0 sigmaZ=0.0 sigmaXp=0.00240 sigmaYp=0.00240 
		sigmaP=15.5 sigmaT=0.000 meanXp=0.00000 meanYp=0.00000 meanT=0.000 
beam    GAUSSIAN particle=e- nEvents=2972938 firstEvent=-1 lastEvent=2147483647 beamX=0.0 beamY=0.0 beamZ=0.0 maxR=1000000.0 
		meanMomentum=630.1 weight=100.000000 
		sigmaX=0.0 sigmaY=0.0 sigmaZ=0.0 sigmaXp=0.00240 sigmaYp=0.00240 
		sigmaP=15.5 sigmaT=0.000 meanXp=0.00000 meanYp=0.00000 meanT=0.000 
beam    GAUSSIAN particle=e- nEvents=2895101 firstEvent=-1 lastEvent=2147483647 beamX=0.0 beamY=0.0 beamZ=0.0 maxR=1000000.0 
		meanMomentum=645.6 weight=100.000000 
		sigmaX=0.0 sigmaY=0.0 sigmaZ=0.0 sigmaXp=0.00240 sigmaYp=0.00240 
		sigmaP=15.5 sigmaT=0.000 meanXp=0.00000 meanYp=0.00000 meanT=0.000 
beam    GAUSSIAN particle=e- nEvents=2432031 firstEvent=-1 lastEvent=2147483647 beamX=0.0 beamY=0.0 beamZ=0.0 maxR=1000000.0 
		meanMomentum=661.2 weight=100.000000 
		sigmaX=0.0 sigmaY=0.0 sigmaZ=0.0 sigmaXp=0.00240 sigmaYp=0.00240 
		sigmaP=15.5 sigmaT=0.000 meanXp=0.00000 meanYp=0.00000 meanT=0.000 
beam    GAUSSIAN particle=e- nEvents=2276811 firstEvent=-1 lastEvent=2147483647 beamX=0.0 beamY=0.0 beamZ=0.0 maxR=1000000.0 
		meanMomentum=676.7 weight=100.000000 
		sigmaX=0.0 sigmaY=0.0 sigmaZ=0.0 sigmaXp=0.00240 sigmaYp=0.00240 
		sigmaP=15.5 sigmaT=0.000 meanXp=0.00000 meanYp=0.00000 meanT=0.000 
beam    GAUSSIAN particle=e- nEvents=1966387 firstEvent=-1 lastEvent=2147483647 beamX=0.0 beamY=0.0 beamZ=0.0 maxR=1000000.0 
		meanMomentum=692.3 weight=100.000000 
		sigmaX=0.0 sigmaY=0.0 sigmaZ=0.0 sigmaXp=0.00240 sigmaYp=0.00240 
		sigmaP=15.5 sigmaT=0.000 meanXp=0.00000 meanYp=0.00000 meanT=0.000 
beam    GAUSSIAN particle=e- nEvents=1578328 firstEvent=-1 lastEvent=2147483647 beamX=0.0 beamY=0.0 beamZ=0.0 maxR=1000000.0 
		meanMomentum=707.8 weight=100.000000 
		sigmaX=0.0 sigmaY=0.0 sigmaZ=0.0 sigmaXp=0.00240 sigmaYp=0.00240 
		sigmaP=15.5 sigmaT=0.000 meanXp=0.00000 meanYp=0.00000 meanT=0.000 
beam    GAUSSIAN particle=e- nEvents=1397643 firstEvent=-1 lastEvent=2147483647 beamX=0.0 beamY=0.0 beamZ=0.0 maxR=1000000.0 
		meanMomentum=723.4 weight=100.000000 
		sigmaX=0.0 sigmaY=0.0 sigmaZ=0.0 sigmaXp=0.00240 sigmaYp=0.00240 
		sigmaP=15.5 sigmaT=0.000 meanXp=0.00000 meanYp=0.00000 meanT=0.000 
beam    GAUSSIAN particle=e- nEvents=1049120 firstEvent=-1 lastEvent=2147483647 beamX=0.0 beamY=0.0 beamZ=0.0 maxR=1000000.0 
		meanMomentum=738.9 weight=100.000000 
		sigmaX=0.0 sigmaY=0.0 sigmaZ=0.0 sigmaXp=0.00240 sigmaYp=0.00240 
		sigmaP=15.5 sigmaT=0.000 meanXp=0.00000 meanYp=0.00000 meanT=0.000 
beam    GAUSSIAN particle=e- nEvents=928721 firstEvent=-1 lastEvent=2147483647 beamX=0.0 beamY=0.0 beamZ=0.0 maxR=1000000.0 
		meanMomentum=754.4 weight=100.000000 
		sigmaX=0.0 sigmaY=0.0 sigmaZ=0.0 sigmaXp=0.00240 sigmaYp=0.00240 
		sigmaP=15.5 sigmaT=0.000 meanXp=0.00000 meanYp=0.00000 meanT=0.000 
beam    GAUSSIAN particle=e- nEvents=679302 firstEvent=-1 lastEvent=2147483647 beamX=0.0 beamY=0.0 beamZ=0.0 maxR=1000000.0 
		meanMomentum=770.0 weight=100.000000 
		sigmaX=0.0 sigmaY=0.0 sigmaZ=0.0 sigmaXp=0.00240 sigmaYp=0.00240 
		sigmaP=15.5 sigmaT=0.000 meanXp=0.00000 meanYp=0.00000 meanT=0.000 
beam    GAUSSIAN particle=e- nEvents=445714 firstEvent=-1 lastEvent=2147483647 beamX=0.0 beamY=0.0 beamZ=0.0 maxR=1000000.0 
		meanMomentum=785.5 weight=100.000000 
		sigmaX=0.0 sigmaY=0.0 sigmaZ=0.0 sigmaXp=0.00240 sigmaYp=0.00240 
		sigmaP=15.5 sigmaT=0.000 meanXp=0.00000 meanYp=0.00000 meanT=0.000 
beam    GAUSSIAN particle=e- nEvents=241394 firstEvent=-1 lastEvent=2147483647 beamX=0.0 beamY=0.0 beamZ=0.0 maxR=1000000.0 
		meanMomentum=801.0 weight=100.000000 
		sigmaX=0.0 sigmaY=0.0 sigmaZ=0.0 sigmaXp=0.00240 sigmaYp=0.00240 
		sigmaP=15.5 sigmaT=0.000 meanXp=0.00000 meanYp=0.00000 meanT=0.000 
beam    GAUSSIAN particle=e- nEvents=194575 firstEvent=-1 lastEvent=2147483647 beamX=0.0 beamY=0.0 beamZ=0.0 maxR=1000000.0 
		meanMomentum=816.6 weight=100.000000 
		sigmaX=0.0 sigmaY=0.0 sigmaZ=0.0 sigmaXp=0.00240 sigmaYp=0.00240 
		sigmaP=15.5 sigmaT=0.000 meanXp=0.00000 meanYp=0.00000 meanT=0.000 
beam    GAUSSIAN particle=e- nEvents=142216 firstEvent=-1 lastEvent=2147483647 beamX=0.0 beamY=0.0 beamZ=0.0 maxR=1000000.0 
		meanMomentum=832.1 weight=100.000000 
		sigmaX=0.0 sigmaY=0.0 sigmaZ=0.0 sigmaXp=0.00240 sigmaYp=0.00240 
		sigmaP=15.5 sigmaT=0.000 meanXp=0.00000 meanYp=0.00000 meanT=0.000 
beam    GAUSSIAN particle=e- nEvents=130209 firstEvent=-1 lastEvent=2147483647 beamX=0.0 beamY=0.0 beamZ=0.0 maxR=1000000.0 
		meanMomentum=847.7 weight=100.000000 
		sigmaX=0.0 sigmaY=0.0 sigmaZ=0.0 sigmaXp=0.00240 sigmaYp=0.00240 
		sigmaP=15.5 sigmaT=0.000 meanXp=0.00000 meanYp=0.00000 meanT=0.000 
beam    GAUSSIAN particle=e- nEvents=123383 firstEvent=-1 lastEvent=2147483647 beamX=0.0 beamY=0.0 beamZ=0.0 maxR=1000000.0 
		meanMomentum=863.2 weight=100.000000 
		sigmaX=0.0 sigmaY=0.0 sigmaZ=0.0 sigmaXp=0.00240 sigmaYp=0.00240 
		sigmaP=15.5 sigmaT=0.000 meanXp=0.00000 meanYp=0.00000 meanT=0.000 
beam    GAUSSIAN particle=e- nEvents=122056 firstEvent=-1 lastEvent=2147483647 beamX=0.0 beamY=0.0 beamZ=0.0 maxR=1000000.0 
		meanMomentum=878.8 weight=100.000000 
		sigmaX=0.0 sigmaY=0.0 sigmaZ=0.0 sigmaXp=0.00240 sigmaYp=0.00240 
		sigmaP=15.5 sigmaT=0.000 meanXp=0.00000 meanYp=0.00000 meanT=0.000 
beam    GAUSSIAN particle=e- nEvents=128606 firstEvent=-1 lastEvent=2147483647 beamX=0.0 beamY=0.0 beamZ=0.0 maxR=1000000.0 
		meanMomentum=894.3 weight=100.000000 
		sigmaX=0.0 sigmaY=0.0 sigmaZ=0.0 sigmaXp=0.00240 sigmaYp=0.00240 
		sigmaP=15.5 sigmaT=0.000 meanXp=0.00000 meanYp=0.00000 meanT=0.000 
beam    GAUSSIAN particle=e- nEvents=111582 firstEvent=-1 lastEvent=2147483647 beamX=0.0 beamY=0.0 beamZ=0.0 maxR=1000000.0 
		meanMomentum=909.8 weight=100.000000 
		sigmaX=0.0 sigmaY=0.0 sigmaZ=0.0 sigmaXp=0.00240 sigmaYp=0.00240 
		sigmaP=15.5 sigmaT=0.000 meanXp=0.00000 meanYp=0.00000 meanT=0.000 
beam    GAUSSIAN particle=e- nEvents=114734 firstEvent=-1 lastEvent=2147483647 beamX=0.0 beamY=0.0 beamZ=0.0 maxR=1000000.0 
		meanMomentum=925.4 weight=100.000000 
		sigmaX=0.0 sigmaY=0.0 sigmaZ=0.0 sigmaXp=0.00240 sigmaYp=0.00240 
		sigmaP=15.5 sigmaT=0.000 meanXp=0.00000 meanYp=0.00000 meanT=0.000 
beam    GAUSSIAN particle=e- nEvents=102099 firstEvent=-1 lastEvent=2147483647 beamX=0.0 beamY=0.0 beamZ=0.0 maxR=1000000.0 
		meanMomentum=940.9 weight=100.000000 
		sigmaX=0.0 sigmaY=0.0 sigmaZ=0.0 sigmaXp=0.00240 sigmaYp=0.00240 
		sigmaP=15.5 sigmaT=0.000 meanXp=0.00000 meanYp=0.00000 meanT=0.000 
beam    GAUSSIAN particle=e- nEvents=107600 firstEvent=-1 lastEvent=2147483647 beamX=0.0 beamY=0.0 beamZ=0.0 maxR=1000000.0 
		meanMomentum=956.5 weight=100.000000 
		sigmaX=0.0 sigmaY=0.0 sigmaZ=0.0 sigmaXp=0.00240 sigmaYp=0.00240 
		sigmaP=15.5 sigmaT=0.000 meanXp=0.00000 meanYp=0.00000 meanT=0.000 
beam    GAUSSIAN particle=e- nEvents=105583 firstEvent=-1 lastEvent=2147483647 beamX=0.0 beamY=0.0 beamZ=0.0 maxR=1000000.0 
		meanMomentum=972.0 weight=100.000000 
		sigmaX=0.0 sigmaY=0.0 sigmaZ=0.0 sigmaXp=0.00240 sigmaYp=0.00240 
		sigmaP=15.5 sigmaT=0.000 meanXp=0.00000 meanYp=0.00000 meanT=0.000 
beam    GAUSSIAN particle=e- nEvents=103375 firstEvent=-1 lastEvent=2147483647 beamX=0.0 beamY=0.0 beamZ=0.0 maxR=1000000.0 
		meanMomentum=987.5 weight=100.000000 
		sigmaX=0.0 sigmaY=0.0 sigmaZ=0.0 sigmaXp=0.00240 sigmaYp=0.00240 
		sigmaP=15.5 sigmaT=0.000 meanXp=0.00000 meanYp=0.00000 meanT=0.000 
beam    GAUSSIAN particle=e- nEvents=98804 firstEvent=-1 lastEvent=2147483647 beamX=0.0 beamY=0.0 beamZ=0.0 maxR=1000000.0 
		meanMomentum=1003.1 weight=100.000000 
		sigmaX=0.0 sigmaY=0.0 sigmaZ=0.0 sigmaXp=0.00240 sigmaYp=0.00240 
		sigmaP=15.5 sigmaT=0.000 meanXp=0.00000 meanYp=0.00000 meanT=0.000 
beam    GAUSSIAN particle=e- nEvents=98500 firstEvent=-1 lastEvent=2147483647 beamX=0.0 beamY=0.0 beamZ=0.0 maxR=1000000.0 
		meanMomentum=1018.6 weight=100.000000 
		sigmaX=0.0 sigmaY=0.0 sigmaZ=0.0 sigmaXp=0.00240 sigmaYp=0.00240 
		sigmaP=15.5 sigmaT=0.000 meanXp=0.00000 meanYp=0.00000 meanT=0.000 
beam    GAUSSIAN particle=e- nEvents=97767 firstEvent=-1 lastEvent=2147483647 beamX=0.0 beamY=0.0 beamZ=0.0 maxR=1000000.0 
		meanMomentum=1034.2 weight=100.000000 
		sigmaX=0.0 sigmaY=0.0 sigmaZ=0.0 sigmaXp=0.00240 sigmaYp=0.00240 
		sigmaP=15.5 sigmaT=0.000 meanXp=0.00000 meanYp=0.00000 meanT=0.000 
beam    GAUSSIAN particle=e- nEvents=97024 firstEvent=-1 lastEvent=2147483647 beamX=0.0 beamY=0.0 beamZ=0.0 maxR=1000000.0 
		meanMomentum=1049.7 weight=100.000000 
		sigmaX=0.0 sigmaY=0.0 sigmaZ=0.0 sigmaXp=0.00240 sigmaYp=0.00240 
		sigmaP=15.5 sigmaT=0.000 meanXp=0.00000 meanYp=0.00000 meanT=0.000 
beam    GAUSSIAN particle=e- nEvents=84813 firstEvent=-1 lastEvent=2147483647 beamX=0.0 beamY=0.0 beamZ=0.0 maxR=1000000.0 
		meanMomentum=1065.2 weight=100.000000 
		sigmaX=0.0 sigmaY=0.0 sigmaZ=0.0 sigmaXp=0.00240 sigmaYp=0.00240 
		sigmaP=15.5 sigmaT=0.000 meanXp=0.00000 meanYp=0.00000 meanT=0.000 
beam    GAUSSIAN particle=e- nEvents=88842 firstEvent=-1 lastEvent=2147483647 beamX=0.0 beamY=0.0 beamZ=0.0 maxR=1000000.0 
		meanMomentum=1080.8 weight=100.000000 
		sigmaX=0.0 sigmaY=0.0 sigmaZ=0.0 sigmaXp=0.00240 sigmaYp=0.00240 
		sigmaP=15.5 sigmaT=0.000 meanXp=0.00000 meanYp=0.00000 meanT=0.000 
beam    GAUSSIAN particle=e- nEvents=87345 firstEvent=-1 lastEvent=2147483647 beamX=0.0 beamY=0.0 beamZ=0.0 maxR=1000000.0 
		meanMomentum=1096.3 weight=100.000000 
		sigmaX=0.0 sigmaY=0.0 sigmaZ=0.0 sigmaXp=0.00240 sigmaYp=0.00240 
		sigmaP=15.5 sigmaT=0.000 meanXp=0.00000 meanYp=0.00000 meanT=0.000 
beam    GAUSSIAN particle=e- nEvents=84026 firstEvent=-1 lastEvent=2147483647 beamX=0.0 beamY=0.0 beamZ=0.0 maxR=1000000.0 
		meanMomentum=1111.8 weight=100.000000 
		sigmaX=0.0 sigmaY=0.0 sigmaZ=0.0 sigmaXp=0.00240 sigmaYp=0.00240 
		sigmaP=15.5 sigmaT=0.000 meanXp=0.00000 meanYp=0.00000 meanT=0.000 
beam    GAUSSIAN particle=e- nEvents=85703 firstEvent=-1 lastEvent=2147483647 beamX=0.0 beamY=0.0 beamZ=0.0 maxR=1000000.0 
		meanMomentum=1127.4 weight=100.000000 
		sigmaX=0.0 sigmaY=0.0 sigmaZ=0.0 sigmaXp=0.00240 sigmaYp=0.00240 
		sigmaP=15.5 sigmaT=0.000 meanXp=0.00000 meanYp=0.00000 meanT=0.000 
beam    GAUSSIAN particle=e- nEvents=79741 firstEvent=-1 lastEvent=2147483647 beamX=0.0 beamY=0.0 beamZ=0.0 maxR=1000000.0 
		meanMomentum=1142.9 weight=100.000000 
		sigmaX=0.0 sigmaY=0.0 sigmaZ=0.0 sigmaXp=0.00240 sigmaYp=0.00240 
		sigmaP=15.5 sigmaT=0.000 meanXp=0.00000 meanYp=0.00000 meanT=0.000 
beam    GAUSSIAN particle=e- nEvents=80847 firstEvent=-1 lastEvent=2147483647 beamX=0.0 beamY=0.0 beamZ=0.0 maxR=1000000.0 
		meanMomentum=1158.5 weight=100.000000 
		sigmaX=0.0 sigmaY=0.0 sigmaZ=0.0 sigmaXp=0.00240 sigmaYp=0.00240 
		sigmaP=15.5 sigmaT=0.000 meanXp=0.00000 meanYp=0.00000 meanT=0.000 
beam    GAUSSIAN particle=e- nEvents=62235 firstEvent=-1 lastEvent=2147483647 beamX=0.0 beamY=0.0 beamZ=0.0 maxR=1000000.0 
		meanMomentum=1174.0 weight=100.000000 
		sigmaX=0.0 sigmaY=0.0 sigmaZ=0.0 sigmaXp=0.00240 sigmaYp=0.00240 
		sigmaP=15.5 sigmaT=0.000 meanXp=0.00000 meanYp=0.00000 meanT=0.000 
beam    GAUSSIAN particle=e- nEvents=66719 firstEvent=-1 lastEvent=2147483647 beamX=0.0 beamY=0.0 beamZ=0.0 maxR=1000000.0 
		meanMomentum=1189.5 weight=100.000000 
		sigmaX=0.0 sigmaY=0.0 sigmaZ=0.0 sigmaXp=0.00240 sigmaYp=0.00240 
		sigmaP=15.5 sigmaT=0.000 meanXp=0.00000 meanYp=0.00000 meanT=0.000 
beam    GAUSSIAN particle=e- nEvents=66154 firstEvent=-1 lastEvent=2147483647 beamX=0.0 beamY=0.0 beamZ=0.0 maxR=1000000.0 
		meanMomentum=1205.1 weight=100.000000 
		sigmaX=0.0 sigmaY=0.0 sigmaZ=0.0 sigmaXp=0.00240 sigmaYp=0.00240 
		sigmaP=15.5 sigmaT=0.000 meanXp=0.00000 meanYp=0.00000 meanT=0.000 
beam    GAUSSIAN particle=e- nEvents=64309 firstEvent=-1 lastEvent=2147483647 beamX=0.0 beamY=0.0 beamZ=0.0 maxR=1000000.0 
		meanMomentum=1220.6 weight=100.000000 
		sigmaX=0.0 sigmaY=0.0 sigmaZ=0.0 sigmaXp=0.00240 sigmaYp=0.00240 
		sigmaP=15.5 sigmaT=0.000 meanXp=0.00000 meanYp=0.00000 meanT=0.000 
beam    GAUSSIAN particle=e- nEvents=61497 firstEvent=-1 lastEvent=2147483647 beamX=0.0 beamY=0.0 beamZ=0.0 maxR=1000000.0 
		meanMomentum=1236.2 weight=100.000000 
		sigmaX=0.0 sigmaY=0.0 sigmaZ=0.0 sigmaXp=0.00240 sigmaYp=0.00240 
		sigmaP=15.5 sigmaT=0.000 meanXp=0.00000 meanYp=0.00000 meanT=0.000 
beam    GAUSSIAN particle=e- nEvents=62830 firstEvent=-1 lastEvent=2147483647 beamX=0.0 beamY=0.0 beamZ=0.0 maxR=1000000.0 
		meanMomentum=1251.7 weight=100.000000 
		sigmaX=0.0 sigmaY=0.0 sigmaZ=0.0 sigmaXp=0.00240 sigmaYp=0.00240 
		sigmaP=15.5 sigmaT=0.000 meanXp=0.00000 meanYp=0.00000 meanT=0.000 
beam    GAUSSIAN particle=e- nEvents=61404 firstEvent=-1 lastEvent=2147483647 beamX=0.0 beamY=0.0 beamZ=0.0 maxR=1000000.0 
		meanMomentum=1267.2 weight=100.000000 
		sigmaX=0.0 sigmaY=0.0 sigmaZ=0.0 sigmaXp=0.00240 sigmaYp=0.00240 
		sigmaP=15.5 sigmaT=0.000 meanXp=0.00000 meanYp=0.00000 meanT=0.000 
beam    GAUSSIAN particle=e- nEvents=66927 firstEvent=-1 lastEvent=2147483647 beamX=0.0 beamY=0.0 beamZ=0.0 maxR=1000000.0 
		meanMomentum=1282.8 weight=100.000000 
		sigmaX=0.0 sigmaY=0.0 sigmaZ=0.0 sigmaXp=0.00240 sigmaYp=0.00240 
		sigmaP=15.5 sigmaT=0.000 meanXp=0.00000 meanYp=0.00000 meanT=0.000 
beam    GAUSSIAN particle=e- nEvents=66219 firstEvent=-1 lastEvent=2147483647 beamX=0.0 beamY=0.0 beamZ=0.0 maxR=1000000.0 
		meanMomentum=1298.3 weight=100.000000 
		sigmaX=0.0 sigmaY=0.0 sigmaZ=0.0 sigmaXp=0.00240 sigmaYp=0.00240 
		sigmaP=15.5 sigmaT=0.000 meanXp=0.00000 meanYp=0.00000 meanT=0.000 
beam    GAUSSIAN particle=e- nEvents=57743 firstEvent=-1 lastEvent=2147483647 beamX=0.0 beamY=0.0 beamZ=0.0 maxR=1000000.0 
		meanMomentum=1313.9 weight=100.000000 
		sigmaX=0.0 sigmaY=0.0 sigmaZ=0.0 sigmaXp=0.00240 sigmaYp=0.00240 
		sigmaP=15.5 sigmaT=0.000 meanXp=0.00000 meanYp=0.00000 meanT=0.000 
beam    GAUSSIAN particle=e- nEvents=60099 firstEvent=-1 lastEvent=2147483647 beamX=0.0 beamY=0.0 beamZ=0.0 maxR=1000000.0 
		meanMomentum=1329.4 weight=100.000000 
		sigmaX=0.0 sigmaY=0.0 sigmaZ=0.0 sigmaXp=0.00240 sigmaYp=0.00240 
		sigmaP=15.5 sigmaT=0.000 meanXp=0.00000 meanYp=0.00000 meanT=0.000 
beam    GAUSSIAN particle=e- nEvents=55299 firstEvent=-1 lastEvent=2147483647 beamX=0.0 beamY=0.0 beamZ=0.0 maxR=1000000.0 
		meanMomentum=1345.0 weight=100.000000 
		sigmaX=0.0 sigmaY=0.0 sigmaZ=0.0 sigmaXp=0.00240 sigmaYp=0.00240 
		sigmaP=15.5 sigmaT=0.000 meanXp=0.00000 meanYp=0.00000 meanT=0.000 
beam    GAUSSIAN particle=e- nEvents=59385 firstEvent=-1 lastEvent=2147483647 beamX=0.0 beamY=0.0 beamZ=0.0 maxR=1000000.0 
		meanMomentum=1360.5 weight=100.000000 
		sigmaX=0.0 sigmaY=0.0 sigmaZ=0.0 sigmaXp=0.00240 sigmaYp=0.00240 
		sigmaP=15.5 sigmaT=0.000 meanXp=0.00000 meanYp=0.00000 meanT=0.000 
beam    GAUSSIAN particle=e- nEvents=56452 firstEvent=-1 lastEvent=2147483647 beamX=0.0 beamY=0.0 beamZ=0.0 maxR=1000000.0 
		meanMomentum=1376.0 weight=100.000000 
		sigmaX=0.0 sigmaY=0.0 sigmaZ=0.0 sigmaXp=0.00240 sigmaYp=0.00240 
		sigmaP=15.5 sigmaT=0.000 meanXp=0.00000 meanYp=0.00000 meanT=0.000 
beam    GAUSSIAN particle=e- nEvents=57317 firstEvent=-1 lastEvent=2147483647 beamX=0.0 beamY=0.0 beamZ=0.0 maxR=1000000.0 
		meanMomentum=1391.6 weight=100.000000 
		sigmaX=0.0 sigmaY=0.0 sigmaZ=0.0 sigmaXp=0.00240 sigmaYp=0.00240 
		sigmaP=15.5 sigmaT=0.000 meanXp=0.00000 meanYp=0.00000 meanT=0.000 
beam    GAUSSIAN particle=e- nEvents=50781 firstEvent=-1 lastEvent=2147483647 beamX=0.0 beamY=0.0 beamZ=0.0 maxR=1000000.0 
		meanMomentum=1407.1 weight=100.000000 
		sigmaX=0.0 sigmaY=0.0 sigmaZ=0.0 sigmaXp=0.00240 sigmaYp=0.00240 
		sigmaP=15.5 sigmaT=0.000 meanXp=0.00000 meanYp=0.00000 meanT=0.000 
beam    GAUSSIAN particle=e- nEvents=53895 firstEvent=-1 lastEvent=2147483647 beamX=0.0 beamY=0.0 beamZ=0.0 maxR=1000000.0 
		meanMomentum=1422.7 weight=100.000000 
		sigmaX=0.0 sigmaY=0.0 sigmaZ=0.0 sigmaXp=0.00240 sigmaYp=0.00240 
		sigmaP=15.5 sigmaT=0.000 meanXp=0.00000 meanYp=0.00000 meanT=0.000 
beam    GAUSSIAN particle=e- nEvents=44016 firstEvent=-1 lastEvent=2147483647 beamX=0.0 beamY=0.0 beamZ=0.0 maxR=1000000.0 
		meanMomentum=1438.2 weight=100.000000 
		sigmaX=0.0 sigmaY=0.0 sigmaZ=0.0 sigmaXp=0.00240 sigmaYp=0.00240 
		sigmaP=15.5 sigmaT=0.000 meanXp=0.00000 meanYp=0.00000 meanT=0.000 
beam    GAUSSIAN particle=e- nEvents=46921 firstEvent=-1 lastEvent=2147483647 beamX=0.0 beamY=0.0 beamZ=0.0 maxR=1000000.0 
		meanMomentum=1453.7 weight=100.000000 
		sigmaX=0.0 sigmaY=0.0 sigmaZ=0.0 sigmaXp=0.00240 sigmaYp=0.00240 
		sigmaP=15.5 sigmaT=0.000 meanXp=0.00000 meanYp=0.00000 meanT=0.000 
beam    GAUSSIAN particle=e- nEvents=42432 firstEvent=-1 lastEvent=2147483647 beamX=0.0 beamY=0.0 beamZ=0.0 maxR=1000000.0 
		meanMomentum=1469.3 weight=100.000000 
		sigmaX=0.0 sigmaY=0.0 sigmaZ=0.0 sigmaXp=0.00240 sigmaYp=0.00240 
		sigmaP=15.5 sigmaT=0.000 meanXp=0.00000 meanYp=0.00000 meanT=0.000 
beam    GAUSSIAN particle=e- nEvents=40468 firstEvent=-1 lastEvent=2147483647 beamX=0.0 beamY=0.0 beamZ=0.0 maxR=1000000.0 
		meanMomentum=1484.8 weight=100.000000 
		sigmaX=0.0 sigmaY=0.0 sigmaZ=0.0 sigmaXp=0.00240 sigmaYp=0.00240 
		sigmaP=15.5 sigmaT=0.000 meanXp=0.00000 meanYp=0.00000 meanT=0.000 
beam    GAUSSIAN particle=e- nEvents=43099 firstEvent=-1 lastEvent=2147483647 beamX=0.0 beamY=0.0 beamZ=0.0 maxR=1000000.0 
		meanMomentum=1500.3 weight=100.000000 
		sigmaX=0.0 sigmaY=0.0 sigmaZ=0.0 sigmaXp=0.00240 sigmaYp=0.00240 
		sigmaP=15.5 sigmaT=0.000 meanXp=0.00000 meanYp=0.00000 meanT=0.000 
beam    GAUSSIAN particle=e- nEvents=43862 firstEvent=-1 lastEvent=2147483647 beamX=0.0 beamY=0.0 beamZ=0.0 maxR=1000000.0 
		meanMomentum=1515.9 weight=100.000000 
		sigmaX=0.0 sigmaY=0.0 sigmaZ=0.0 sigmaXp=0.00240 sigmaYp=0.00240 
		sigmaP=15.5 sigmaT=0.000 meanXp=0.00000 meanYp=0.00000 meanT=0.000 
beam    GAUSSIAN particle=e- nEvents=50312 firstEvent=-1 lastEvent=2147483647 beamX=0.0 beamY=0.0 beamZ=0.0 maxR=1000000.0 
		meanMomentum=1531.4 weight=100.000000 
		sigmaX=0.0 sigmaY=0.0 sigmaZ=0.0 sigmaXp=0.00240 sigmaYp=0.00240 
		sigmaP=15.5 sigmaT=0.000 meanXp=0.00000 meanYp=0.00000 meanT=0.000 
beam    GAUSSIAN particle=e- nEvents=45832 firstEvent=-1 lastEvent=2147483647 beamX=0.0 beamY=0.0 beamZ=0.0 maxR=1000000.0 
		meanMomentum=1547.0 weight=100.000000 
		sigmaX=0.0 sigmaY=0.0 sigmaZ=0.0 sigmaXp=0.00240 sigmaYp=0.00240 
		sigmaP=15.5 sigmaT=0.000 meanXp=0.00000 meanYp=0.00000 meanT=0.000 
beam    GAUSSIAN particle=e- nEvents=43711 firstEvent=-1 lastEvent=2147483647 beamX=0.0 beamY=0.0 beamZ=0.0 maxR=1000000.0 
		meanMomentum=1562.5 weight=100.000000 
		sigmaX=0.0 sigmaY=0.0 sigmaZ=0.0 sigmaXp=0.00240 sigmaYp=0.00240 
		sigmaP=15.5 sigmaT=0.000 meanXp=0.00000 meanYp=0.00000 meanT=0.000 
beam    GAUSSIAN particle=e- nEvents=45097 firstEvent=-1 lastEvent=2147483647 beamX=0.0 beamY=0.0 beamZ=0.0 maxR=1000000.0 
		meanMomentum=1578.0 weight=100.000000 
		sigmaX=0.0 sigmaY=0.0 sigmaZ=0.0 sigmaXp=0.00240 sigmaYp=0.00240 
		sigmaP=15.5 sigmaT=0.000 meanXp=0.00000 meanYp=0.00000 meanT=0.000 
beam    GAUSSIAN particle=e- nEvents=42580 firstEvent=-1 lastEvent=2147483647 beamX=0.0 beamY=0.0 beamZ=0.0 maxR=1000000.0 
		meanMomentum=1593.6 weight=100.000000 
		sigmaX=0.0 sigmaY=0.0 sigmaZ=0.0 sigmaXp=0.00240 sigmaYp=0.00240 
		sigmaP=15.5 sigmaT=0.000 meanXp=0.00000 meanYp=0.00000 meanT=0.000 
beam    GAUSSIAN particle=e- nEvents=37032 firstEvent=-1 lastEvent=2147483647 beamX=0.0 beamY=0.0 beamZ=0.0 maxR=1000000.0 
		meanMomentum=1609.1 weight=100.000000 
		sigmaX=0.0 sigmaY=0.0 sigmaZ=0.0 sigmaXp=0.00240 sigmaYp=0.00240 
		sigmaP=15.5 sigmaT=0.000 meanXp=0.00000 meanYp=0.00000 meanT=0.000 
beam    GAUSSIAN particle=e- nEvents=37562 firstEvent=-1 lastEvent=2147483647 beamX=0.0 beamY=0.0 beamZ=0.0 maxR=1000000.0 
		meanMomentum=1624.7 weight=100.000000 
		sigmaX=0.0 sigmaY=0.0 sigmaZ=0.0 sigmaXp=0.00240 sigmaYp=0.00240 
		sigmaP=15.5 sigmaT=0.000 meanXp=0.00000 meanYp=0.00000 meanT=0.000 
beam    GAUSSIAN particle=e- nEvents=29171 firstEvent=-1 lastEvent=2147483647 beamX=0.0 beamY=0.0 beamZ=0.0 maxR=1000000.0 
		meanMomentum=1640.2 weight=100.000000 
		sigmaX=0.0 sigmaY=0.0 sigmaZ=0.0 sigmaXp=0.00240 sigmaYp=0.00240 
		sigmaP=15.5 sigmaT=0.000 meanXp=0.00000 meanYp=0.00000 meanT=0.000 
beam    GAUSSIAN particle=e- nEvents=31655 firstEvent=-1 lastEvent=2147483647 beamX=0.0 beamY=0.0 beamZ=0.0 maxR=1000000.0 
		meanMomentum=1655.8 weight=100.000000 
		sigmaX=0.0 sigmaY=0.0 sigmaZ=0.0 sigmaXp=0.00240 sigmaYp=0.00240 
		sigmaP=15.5 sigmaT=0.000 meanXp=0.00000 meanYp=0.00000 meanT=0.000 
beam    GAUSSIAN particle=e- nEvents=31096 firstEvent=-1 lastEvent=2147483647 beamX=0.0 beamY=0.0 beamZ=0.0 maxR=1000000.0 
		meanMomentum=1671.3 weight=100.000000 
		sigmaX=0.0 sigmaY=0.0 sigmaZ=0.0 sigmaXp=0.00240 sigmaYp=0.00240 
		sigmaP=15.5 sigmaT=0.000 meanXp=0.00000 meanYp=0.00000 meanT=0.000 
beam    GAUSSIAN particle=e- nEvents=26283 firstEvent=-1 lastEvent=2147483647 beamX=0.0 beamY=0.0 beamZ=0.0 maxR=1000000.0 
		meanMomentum=1686.8 weight=100.000000 
		sigmaX=0.0 sigmaY=0.0 sigmaZ=0.0 sigmaXp=0.00240 sigmaYp=0.00240 
		sigmaP=15.5 sigmaT=0.000 meanXp=0.00000 meanYp=0.00000 meanT=0.000 
beam    GAUSSIAN particle=e- nEvents=28046 firstEvent=-1 lastEvent=2147483647 beamX=0.0 beamY=0.0 beamZ=0.0 maxR=1000000.0 
		meanMomentum=1702.4 weight=100.000000 
		sigmaX=0.0 sigmaY=0.0 sigmaZ=0.0 sigmaXp=0.00240 sigmaYp=0.00240 
		sigmaP=15.5 sigmaT=0.000 meanXp=0.00000 meanYp=0.00000 meanT=0.000 
beam    GAUSSIAN particle=e- nEvents=28382 firstEvent=-1 lastEvent=2147483647 beamX=0.0 beamY=0.0 beamZ=0.0 maxR=1000000.0 
		meanMomentum=1717.9 weight=100.000000 
		sigmaX=0.0 sigmaY=0.0 sigmaZ=0.0 sigmaXp=0.00240 sigmaYp=0.00240 
		sigmaP=15.5 sigmaT=0.000 meanXp=0.00000 meanYp=0.00000 meanT=0.000 
beam    GAUSSIAN particle=e- nEvents=25671 firstEvent=-1 lastEvent=2147483647 beamX=0.0 beamY=0.0 beamZ=0.0 maxR=1000000.0 
		meanMomentum=1733.5 weight=100.000000 
		sigmaX=0.0 sigmaY=0.0 sigmaZ=0.0 sigmaXp=0.00240 sigmaYp=0.00240 
		sigmaP=15.5 sigmaT=0.000 meanXp=0.00000 meanYp=0.00000 meanT=0.000 
beam    GAUSSIAN particle=e- nEvents=25484 firstEvent=-1 lastEvent=2147483647 beamX=0.0 beamY=0.0 beamZ=0.0 maxR=1000000.0 
		meanMomentum=1749.0 weight=100.000000 
		sigmaX=0.0 sigmaY=0.0 sigmaZ=0.0 sigmaXp=0.00240 sigmaYp=0.00240 
		sigmaP=15.5 sigmaT=0.000 meanXp=0.00000 meanYp=0.00000 meanT=0.000 
beam    GAUSSIAN particle=e- nEvents=28967 firstEvent=-1 lastEvent=2147483647 beamX=0.0 beamY=0.0 beamZ=0.0 maxR=1000000.0 
		meanMomentum=1764.5 weight=100.000000 
		sigmaX=0.0 sigmaY=0.0 sigmaZ=0.0 sigmaXp=0.00240 sigmaYp=0.00240 
		sigmaP=15.5 sigmaT=0.000 meanXp=0.00000 meanYp=0.00000 meanT=0.000 
beam    GAUSSIAN particle=e- nEvents=26144 firstEvent=-1 lastEvent=2147483647 beamX=0.0 beamY=0.0 beamZ=0.0 maxR=1000000.0 
		meanMomentum=1780.1 weight=100.000000 
		sigmaX=0.0 sigmaY=0.0 sigmaZ=0.0 sigmaXp=0.00240 sigmaYp=0.00240 
		sigmaP=15.5 sigmaT=0.000 meanXp=0.00000 meanYp=0.00000 meanT=0.000 
beam    GAUSSIAN particle=e- nEvents=24711 firstEvent=-1 lastEvent=2147483647 beamX=0.0 beamY=0.0 beamZ=0.0 maxR=1000000.0 
		meanMomentum=1795.6 weight=100.000000 
		sigmaX=0.0 sigmaY=0.0 sigmaZ=0.0 sigmaXp=0.00240 sigmaYp=0.00240 
		sigmaP=15.5 sigmaT=0.000 meanXp=0.00000 meanYp=0.00000 meanT=0.000 
beam    GAUSSIAN particle=e- nEvents=24961 firstEvent=-1 lastEvent=2147483647 beamX=0.0 beamY=0.0 beamZ=0.0 maxR=1000000.0 
		meanMomentum=1811.2 weight=100.000000 
		sigmaX=0.0 sigmaY=0.0 sigmaZ=0.0 sigmaXp=0.00240 sigmaYp=0.00240 
		sigmaP=15.5 sigmaT=0.000 meanXp=0.00000 meanYp=0.00000 meanT=0.000 
beam    GAUSSIAN particle=e- nEvents=24103 firstEvent=-1 lastEvent=2147483647 beamX=0.0 beamY=0.0 beamZ=0.0 maxR=1000000.0 
		meanMomentum=1826.7 weight=100.000000 
		sigmaX=0.0 sigmaY=0.0 sigmaZ=0.0 sigmaXp=0.00240 sigmaYp=0.00240 
		sigmaP=15.5 sigmaT=0.000 meanXp=0.00000 meanYp=0.00000 meanT=0.000 
beam    GAUSSIAN particle=e- nEvents=25173 firstEvent=-1 lastEvent=2147483647 beamX=0.0 beamY=0.0 beamZ=0.0 maxR=1000000.0 
		meanMomentum=1842.2 weight=100.000000 
		sigmaX=0.0 sigmaY=0.0 sigmaZ=0.0 sigmaXp=0.00240 sigmaYp=0.00240 
		sigmaP=15.5 sigmaT=0.000 meanXp=0.00000 meanYp=0.00000 meanT=0.000 
box          bismuth_converter height=8 width=8 length=1 maxStep=100
                           material=Bi color=1,0.84,0 kill=0
place   bismuth_converter copies=1 x=0.0 y=0.0 z=194.0 
box          tungsten_block height=50 width=20 length=50 maxStep=100
                           material=W color=1,1,1 kill=0
place   tungsten_block copies=1 x=0.0 y=-25.0 z=305.0 
                kill=1
tubs         talantum_col  innerRadius=1 outerRadius=10 initialPhi=0
                           finalPhi=360 length=100 maxStep=100 material=Ta
                           color=1,1,1 kill=0 radius=10
place   talantum_col copies=1 x=0.0 y=0.0 z=425.0 
                kill=1
genericbend  separator     fieldWidth=100 fieldHeight=200 fieldLength=400
                           ironWidth=0 ironHeight=0 ironLength=0 By=3
                           maxStep=100 fieldMaterial=Vacuum
                           fieldColor=1,0,0,0.3 ironMaterial=Fe
                           ironColor=1,1,1 kill=0 fringe= fringeFactor=1
                           openAperture=0
place   separator copies=1 x=0.0 y=0.0 z=700.0 
param        angle         40
param        cos           0.76604444311
param        d             1
param        sin           0.642787609
param        filename      noise_measure_Det.txt
param        filename      gamma_spec_LWFA_100mil
virtualdetector noise_measure_Det radius=0 innerRadius=0 height=100 width=100
                           length=0.001 maxStep=100 material= color=0,1,0,0.3
                           noSingles=0 format=bltrackfile
                           filename=gamma_spec_LWFA_100mil
                           file=gamma_spec_LWFA_100mil require=
                           referenceParticle=0 coordinates=Centerline kill=0
place   noise_measure_Det copies=1 x=0.0 y=0.0 z=1060.0 

World size (before incrementing by 201.357 mm): 100.0 H  100.0 W  2120.0 L

PARAMETERS:
            Zcl=1060
          angle=40
            cos=0.76604444311
              d=1
     deltaChord=3.0
deltaIntersection=0.1
   deltaOneStep=0.01
         epsMax=0.05
         epsMin=2.5e-7
 eventTimeLimit=30
    fieldVoxels=200,200,200
       filename=gamma_sp